F:\CODES\OPENGL\COMPUTER_GRAPHICS_WITH_OPENGL\CHAPTER03_01\CHAPTER03_01\DEBUG\MAIN.OBJ
F:\CODES\OPENGL\COMPUTER_GRAPHICS_WITH_OPENGL\CHAPTER03_01\CHAPTER03_01\DEBUG\VC110.PDB
F:\CODES\OPENGL\COMPUTER_GRAPHICS_WITH_OPENGL\CHAPTER03_01\DEBUG\CHAPTER03_01.ILK
F:\CODES\OPENGL\COMPUTER_GRAPHICS_WITH_OPENGL\CHAPTER03_01\DEBUG\CHAPTER03_01.EXE
F:\CODES\OPENGL\COMPUTER_GRAPHICS_WITH_OPENGL\CHAPTER03_01\DEBUG\CHAPTER03_01.PDB
F:\Codes\OpenGL\Computer_Graphics_with_OpenGL\chapter03_01\chapter03_01\Debug\Main.obj
F:\Codes\OpenGL\Computer_Graphics_with_OpenGL\chapter03_01\chapter03_01\Debug\cl.command.1.tlog
F:\Codes\OpenGL\Computer_Graphics_with_OpenGL\chapter03_01\chapter03_01\Debug\CL.read.1.tlog
F:\Codes\OpenGL\Computer_Graphics_with_OpenGL\chapter03_01\chapter03_01\Debug\CL.write.1.tlog
F:\Codes\OpenGL\Computer_Graphics_with_OpenGL\chapter03_01\chapter03_01\Debug\link-cvtres.read.1.tlog
F:\Codes\OpenGL\Computer_Graphics_with_OpenGL\chapter03_01\chapter03_01\Debug\link-cvtres.write.1.tlog
F:\Codes\OpenGL\Computer_Graphics_with_OpenGL\chapter03_01\chapter03_01\Debug\link-rc.read.1.tlog
F:\Codes\OpenGL\Computer_Graphics_with_OpenGL\chapter03_01\chapter03_01\Debug\link-rc.write.1.tlog
F:\Codes\OpenGL\Computer_Graphics_with_OpenGL\chapter03_01\chapter03_01\Debug\link.command.1.tlog
F:\Codes\OpenGL\Computer_Graphics_with_OpenGL\chapter03_01\chapter03_01\Debug\link.read.1.tlog
F:\Codes\OpenGL\Computer_Graphics_with_OpenGL\chapter03_01\chapter03_01\Debug\link.write.1.tlog
F:\Codes\OpenGL\Computer_Graphics_with_OpenGL\chapter03_01\chapter03_01\Debug\vc110.idb
F:\Codes\OpenGL\Computer_Graphics_with_OpenGL\chapter03_01\chapter03_01\Debug\vc110.pdb
F:\Codes\OpenGL\Computer_Graphics_with_OpenGL\chapter03_01\Debug\chapter03_01.pdb
F:\Codes\OpenGL\Computer_Graphics_with_OpenGL\chapter03_01\Debug\chapter03_01.exe
F:\Codes\OpenGL\Computer_Graphics_with_OpenGL\chapter03_01\Debug\chapter03_01.ilk
