E:\CODES\__GIT\WINDOWSGAME\DEMO_02_02\DEMO_02_02\DEBUG\DEMO_02_02.PCH
E:\CODES\__GIT\WINDOWSGAME\DEMO_02_02\DEMO_02_02\DEBUG\STDAFX.OBJ
E:\CODES\__GIT\WINDOWSGAME\DEMO_02_02\DEMO_02_02\DEBUG\VC110.PDB
E:\CODES\__GIT\WINDOWSGAME\DEMO_02_02\DEMO_02_02\DEBUG\DEMO_02_02.OBJ
E:\CODES\__GIT\WINDOWSGAME\DEMO_02_02\DEBUG\DEMO_02_02.ILK
E:\CODES\__GIT\WINDOWSGAME\DEMO_02_02\DEBUG\DEMO_02_02.EXE
E:\CODES\__GIT\WINDOWSGAME\DEMO_02_02\DEBUG\DEMO_02_02.PDB
E:\CODES\__GIT\WINDOWSGAME\DEMO_02_02\DEMO_02_02\DEBUG\DEMO_02_02.RES
E:\Codes\__Git\WindowsGame\DEMO_02_02\DEMO_02_02\Debug\stdafx.obj
E:\Codes\__Git\WindowsGame\DEMO_02_02\DEMO_02_02\Debug\cl.command.1.tlog
E:\Codes\__Git\WindowsGame\DEMO_02_02\DEMO_02_02\Debug\CL.read.1.tlog
E:\Codes\__Git\WindowsGame\DEMO_02_02\DEMO_02_02\Debug\CL.write.1.tlog
E:\Codes\__Git\WindowsGame\DEMO_02_02\DEMO_02_02\Debug\link-cvtres.read.1.tlog
E:\Codes\__Git\WindowsGame\DEMO_02_02\DEMO_02_02\Debug\link-cvtres.write.1.tlog
E:\Codes\__Git\WindowsGame\DEMO_02_02\DEMO_02_02\Debug\link-rc.read.1.tlog
E:\Codes\__Git\WindowsGame\DEMO_02_02\DEMO_02_02\Debug\link-rc.write.1.tlog
E:\Codes\__Git\WindowsGame\DEMO_02_02\DEMO_02_02\Debug\link.command.1.tlog
E:\Codes\__Git\WindowsGame\DEMO_02_02\DEMO_02_02\Debug\link.read.1.tlog
E:\Codes\__Git\WindowsGame\DEMO_02_02\DEMO_02_02\Debug\link.write.1.tlog
E:\Codes\__Git\WindowsGame\DEMO_02_02\DEMO_02_02\Debug\rc.command.1.tlog
E:\Codes\__Git\WindowsGame\DEMO_02_02\DEMO_02_02\Debug\rc.read.1.tlog
E:\Codes\__Git\WindowsGame\DEMO_02_02\DEMO_02_02\Debug\rc.write.1.tlog
E:\Codes\__Git\WindowsGame\DEMO_02_02\DEMO_02_02\Debug\DEMO_02_02.res
E:\Codes\__Git\WindowsGame\DEMO_02_02\DEMO_02_02\Debug\DEMO_02_02.pch
E:\Codes\__Git\WindowsGame\DEMO_02_02\DEMO_02_02\Debug\vc110.idb
E:\Codes\__Git\WindowsGame\DEMO_02_02\DEMO_02_02\Debug\vc110.pdb
E:\Codes\__Git\WindowsGame\DEMO_02_02\Debug\DEMO_02_02.pdb
E:\Codes\__Git\WindowsGame\DEMO_02_02\Debug\DEMO_02_02.exe
E:\Codes\__Git\WindowsGame\DEMO_02_02\Debug\DEMO_02_02.ilk
