生成启动时间为 2016/1/13 1:45:05。
     1>项目“D:\Codes\__Git\Windows\Tricks_of_the_Windows_Game_Programming_Gurus\DEMO_03_12\DEMO_03_12\DEMO_03_12.vcxproj”在节点 2 上(Build 个目标)。
     1>ClCompile:
         C:\Program Files (x86)\Microsoft Visual Studio 11.0\VC\bin\CL.exe /c /ZI /nologo /W3 /WX- /Od /Oy- /D WIN32 /D _DEBUG /D _WINDOWS /D _MBCS /Gm /EHsc /RTC1 /MDd /GS /fp:precise /Zc:wchar_t /Zc:forScope /Fo"Debug\\" /Fd"Debug\vc110.pdb" /Gd /TP /analyze- /errorReport:prompt WinMain.cpp
         WinMain.cpp
     1>d:\codes\__git\windows\tricks_of_the_windows_game_programming_gurus\demo_03_12\demo_03_12\winmain.cpp(57): warning C4996: 'sprintf': This function or variable may be unsafe. Consider using sprintf_s instead. To disable deprecation, use _CRT_SECURE_NO_WARNINGS. See online help for details.
                 c:\program files (x86)\microsoft visual studio 11.0\vc\include\stdio.h(357) : 参见“sprintf”的声明
     1>d:\codes\__git\windows\tricks_of_the_windows_game_programming_gurus\demo_03_12\demo_03_12\winmain.cpp(60): warning C4996: 'sprintf': This function or variable may be unsafe. Consider using sprintf_s instead. To disable deprecation, use _CRT_SECURE_NO_WARNINGS. See online help for details.
                 c:\program files (x86)\microsoft visual studio 11.0\vc\include\stdio.h(357) : 参见“sprintf”的声明
     1>d:\codes\__git\windows\tricks_of_the_windows_game_programming_gurus\demo_03_12\demo_03_12\winmain.cpp(63): warning C4996: 'sprintf': This function or variable may be unsafe. Consider using sprintf_s instead. To disable deprecation, use _CRT_SECURE_NO_WARNINGS. See online help for details.
                 c:\program files (x86)\microsoft visual studio 11.0\vc\include\stdio.h(357) : 参见“sprintf”的声明
     1>d:\codes\__git\windows\tricks_of_the_windows_game_programming_gurus\demo_03_12\demo_03_12\winmain.cpp(66): warning C4996: 'sprintf': This function or variable may be unsafe. Consider using sprintf_s instead. To disable deprecation, use _CRT_SECURE_NO_WARNINGS. See online help for details.
                 c:\program files (x86)\microsoft visual studio 11.0\vc\include\stdio.h(357) : 参见“sprintf”的声明
     1>d:\codes\__git\windows\tricks_of_the_windows_game_programming_gurus\demo_03_12\demo_03_12\winmain.cpp(156): warning C4996: 'sprintf': This function or variable may be unsafe. Consider using sprintf_s instead. To disable deprecation, use _CRT_SECURE_NO_WARNINGS. See online help for details.
                 c:\program files (x86)\microsoft visual studio 11.0\vc\include\stdio.h(357) : 参见“sprintf”的声明
     1>d:\codes\__git\windows\tricks_of_the_windows_game_programming_gurus\demo_03_12\demo_03_12\winmain.cpp(162): warning C4996: 'sprintf': This function or variable may be unsafe. Consider using sprintf_s instead. To disable deprecation, use _CRT_SECURE_NO_WARNINGS. See online help for details.
                 c:\program files (x86)\microsoft visual studio 11.0\vc\include\stdio.h(357) : 参见“sprintf”的声明
     1>d:\codes\__git\windows\tricks_of_the_windows_game_programming_gurus\demo_03_12\demo_03_12\winmain.cpp(168): warning C4996: 'sprintf': This function or variable may be unsafe. Consider using sprintf_s instead. To disable deprecation, use _CRT_SECURE_NO_WARNINGS. See online help for details.
                 c:\program files (x86)\microsoft visual studio 11.0\vc\include\stdio.h(357) : 参见“sprintf”的声明
     1>d:\codes\__git\windows\tricks_of_the_windows_game_programming_gurus\demo_03_12\demo_03_12\winmain.cpp(174): warning C4996: 'sprintf': This function or variable may be unsafe. Consider using sprintf_s instead. To disable deprecation, use _CRT_SECURE_NO_WARNINGS. See online help for details.
                 c:\program files (x86)\microsoft visual studio 11.0\vc\include\stdio.h(357) : 参见“sprintf”的声明
     1>d:\codes\__git\windows\tricks_of_the_windows_game_programming_gurus\demo_03_12\demo_03_12\winmain.cpp(202): warning C4996: 'sprintf': This function or variable may be unsafe. Consider using sprintf_s instead. To disable deprecation, use _CRT_SECURE_NO_WARNINGS. See online help for details.
                 c:\program files (x86)\microsoft visual studio 11.0\vc\include\stdio.h(357) : 参见“sprintf”的声明
     1>d:\codes\__git\windows\tricks_of_the_windows_game_programming_gurus\demo_03_12\demo_03_12\winmain.cpp(208): warning C4996: 'sprintf': This function or variable may be unsafe. Consider using sprintf_s instead. To disable deprecation, use _CRT_SECURE_NO_WARNINGS. See online help for details.
                 c:\program files (x86)\microsoft visual studio 11.0\vc\include\stdio.h(357) : 参见“sprintf”的声明
     1>d:\codes\__git\windows\tricks_of_the_windows_game_programming_gurus\demo_03_12\demo_03_12\winmain.cpp(214): warning C4996: 'sprintf': This function or variable may be unsafe. Consider using sprintf_s instead. To disable deprecation, use _CRT_SECURE_NO_WARNINGS. See online help for details.
                 c:\program files (x86)\microsoft visual studio 11.0\vc\include\stdio.h(357) : 参见“sprintf”的声明
     1>d:\codes\__git\windows\tricks_of_the_windows_game_programming_gurus\demo_03_12\demo_03_12\winmain.cpp(220): warning C4996: 'sprintf': This function or variable may be unsafe. Consider using sprintf_s instead. To disable deprecation, use _CRT_SECURE_NO_WARNINGS. See online help for details.
                 c:\program files (x86)\microsoft visual studio 11.0\vc\include\stdio.h(357) : 参见“sprintf”的声明
       Link:
         C:\Program Files (x86)\Microsoft Visual Studio 11.0\VC\bin\link.exe /ERRORREPORT:PROMPT /OUT:"D:\Codes\__Git\Windows\Tricks_of_the_Windows_Game_Programming_Gurus\DEMO_03_12\Debug\DEMO_03_12.exe" /INCREMENTAL /NOLOGO kernel32.lib user32.lib gdi32.lib winspool.lib comdlg32.lib advapi32.lib shell32.lib ole32.lib oleaut32.lib uuid.lib odbc32.lib odbccp32.lib /MANIFEST /MANIFESTUAC:"level='asInvoker' uiAccess='false'" /manifest:embed /DEBUG /PDB:"D:\Codes\__Git\Windows\Tricks_of_the_Windows_Game_Programming_Gurus\DEMO_03_12\Debug\DEMO_03_12.pdb" /SUBSYSTEM:WINDOWS /TLBID:1 /DYNAMICBASE /NXCOMPAT /IMPLIB:"D:\Codes\__Git\Windows\Tricks_of_the_Windows_Game_Programming_Gurus\DEMO_03_12\Debug\DEMO_03_12.lib" /MACHINE:X86 Debug\WinMain.obj
         DEMO_03_12.vcxproj -> D:\Codes\__Git\Windows\Tricks_of_the_Windows_Game_Programming_Gurus\DEMO_03_12\Debug\DEMO_03_12.exe
     1>已完成生成项目“D:\Codes\__Git\Windows\Tricks_of_the_Windows_Game_Programming_Gurus\DEMO_03_12\DEMO_03_12\DEMO_03_12.vcxproj”(Build 个目标)的操作。

生成成功。

已用时间 00:00:01.25
