D:\CODES\__GIT\WINDOWS\GAME\DEMO_03_02\DEMO_03_02\DEBUG\WINMAIN.OBJ
D:\CODES\__GIT\WINDOWS\GAME\DEMO_03_02\DEMO_03_02\DEBUG\VC110.PDB
D:\CODES\__GIT\WINDOWS\GAME\DEMO_03_02\DEMO_03_02\DEBUG\RESOURCE.RES
D:\Codes\__Git\Windows\Game\DEMO_03_02\DEMO_03_02\Debug\WinMain.obj
D:\Codes\__Git\Windows\Game\DEMO_03_02\DEMO_03_02\Debug\cl.command.1.tlog
D:\Codes\__Git\Windows\Game\DEMO_03_02\DEMO_03_02\Debug\CL.read.1.tlog
D:\Codes\__Git\Windows\Game\DEMO_03_02\DEMO_03_02\Debug\CL.write.1.tlog
D:\Codes\__Git\Windows\Game\DEMO_03_02\DEMO_03_02\Debug\link-cvtres.read.1.tlog
D:\Codes\__Git\Windows\Game\DEMO_03_02\DEMO_03_02\Debug\link-cvtres.write.1.tlog
D:\Codes\__Git\Windows\Game\DEMO_03_02\DEMO_03_02\Debug\link-rc.read.1.tlog
D:\Codes\__Git\Windows\Game\DEMO_03_02\DEMO_03_02\Debug\link-rc.write.1.tlog
D:\Codes\__Git\Windows\Game\DEMO_03_02\DEMO_03_02\Debug\link.command.1.tlog
D:\Codes\__Git\Windows\Game\DEMO_03_02\DEMO_03_02\Debug\link.read.1.tlog
D:\Codes\__Git\Windows\Game\DEMO_03_02\DEMO_03_02\Debug\link.write.1.tlog
D:\Codes\__Git\Windows\Game\DEMO_03_02\DEMO_03_02\Debug\rc.command.1.tlog
D:\Codes\__Git\Windows\Game\DEMO_03_02\DEMO_03_02\Debug\rc.read.1.tlog
D:\Codes\__Git\Windows\Game\DEMO_03_02\DEMO_03_02\Debug\rc.write.1.tlog
D:\Codes\__Git\Windows\Game\DEMO_03_02\DEMO_03_02\Debug\resource.res
D:\Codes\__Git\Windows\Game\DEMO_03_02\DEMO_03_02\Debug\vc110.idb
D:\Codes\__Git\Windows\Game\DEMO_03_02\DEMO_03_02\Debug\vc110.pdb
D:\Codes\__Git\Windows\Game\DEMO_03_02\Debug\DEMO_03_02.pdb
