生成启动时间为 2016/1/13 2:41:05。
     1>项目“D:\Codes\__Git\Windows\Tricks_of_the_Windows_Game_Programming_Gurus\DEMO_03_13\DEMO_03_13\DEMO_03_13.vcxproj”在节点 2 上(Build 个目标)。
     1>ClCompile:
         C:\Program Files (x86)\Microsoft Visual Studio 11.0\VC\bin\CL.exe /c /ZI /nologo /W3 /WX- /Od /Oy- /D WIN32 /D _DEBUG /D _WINDOWS /D _MBCS /Gm /EHsc /RTC1 /MDd /GS /fp:precise /Zc:wchar_t /Zc:forScope /Fo"Debug\\" /Fd"Debug\vc110.pdb" /Gd /TP /analyze- /errorReport:prompt WinMain.cpp
         WinMain.cpp
     1>d:\codes\__git\windows\tricks_of_the_windows_game_programming_gurus\demo_03_13\demo_03_13\winmain.cpp(18): warning C4101: “hdc”: 未引用的局部变量
     1>d:\codes\__git\windows\tricks_of_the_windows_game_programming_gurus\demo_03_13\demo_03_13\winmain.cpp(126): warning C4996: 'sprintf': This function or variable may be unsafe. Consider using sprintf_s instead. To disable deprecation, use _CRT_SECURE_NO_WARNINGS. See online help for details.
                 c:\program files (x86)\microsoft visual studio 11.0\vc\include\stdio.h(357) : 参见“sprintf”的声明
     1>d:\codes\__git\windows\tricks_of_the_windows_game_programming_gurus\demo_03_13\demo_03_13\winmain.cpp(129): warning C4996: 'sprintf': This function or variable may be unsafe. Consider using sprintf_s instead. To disable deprecation, use _CRT_SECURE_NO_WARNINGS. See online help for details.
                 c:\program files (x86)\microsoft visual studio 11.0\vc\include\stdio.h(357) : 参见“sprintf”的声明
     1>d:\codes\__git\windows\tricks_of_the_windows_game_programming_gurus\demo_03_13\demo_03_13\winmain.cpp(132): warning C4996: 'sprintf': This function or variable may be unsafe. Consider using sprintf_s instead. To disable deprecation, use _CRT_SECURE_NO_WARNINGS. See online help for details.
                 c:\program files (x86)\microsoft visual studio 11.0\vc\include\stdio.h(357) : 参见“sprintf”的声明
     1>d:\codes\__git\windows\tricks_of_the_windows_game_programming_gurus\demo_03_13\demo_03_13\winmain.cpp(135): warning C4996: 'sprintf': This function or variable may be unsafe. Consider using sprintf_s instead. To disable deprecation, use _CRT_SECURE_NO_WARNINGS. See online help for details.
                 c:\program files (x86)\microsoft visual studio 11.0\vc\include\stdio.h(357) : 参见“sprintf”的声明
       Link:
         C:\Program Files (x86)\Microsoft Visual Studio 11.0\VC\bin\link.exe /ERRORREPORT:PROMPT /OUT:"D:\Codes\__Git\Windows\Tricks_of_the_Windows_Game_Programming_Gurus\DEMO_03_13\Debug\DEMO_03_13.exe" /INCREMENTAL /NOLOGO kernel32.lib user32.lib gdi32.lib winspool.lib comdlg32.lib advapi32.lib shell32.lib ole32.lib oleaut32.lib uuid.lib odbc32.lib odbccp32.lib /MANIFEST /MANIFESTUAC:"level='asInvoker' uiAccess='false'" /manifest:embed /DEBUG /PDB:"D:\Codes\__Git\Windows\Tricks_of_the_Windows_Game_Programming_Gurus\DEMO_03_13\Debug\DEMO_03_13.pdb" /SUBSYSTEM:WINDOWS /TLBID:1 /DYNAMICBASE /NXCOMPAT /IMPLIB:"D:\Codes\__Git\Windows\Tricks_of_the_Windows_Game_Programming_Gurus\DEMO_03_13\Debug\DEMO_03_13.lib" /MACHINE:X86 Debug\WinMain.obj
         DEMO_03_13.vcxproj -> D:\Codes\__Git\Windows\Tricks_of_the_Windows_Game_Programming_Gurus\DEMO_03_13\Debug\DEMO_03_13.exe
     1>已完成生成项目“D:\Codes\__Git\Windows\Tricks_of_the_Windows_Game_Programming_Gurus\DEMO_03_13\DEMO_03_13\DEMO_03_13.vcxproj”(Build 个目标)的操作。

生成成功。

已用时间 00:00:01.26
