E:\CODES\__GIT\OPENGL\LEARN\DEMO_07\DEMO_07\DEBUG\3D_FUNCTION.OBJ
E:\CODES\__GIT\OPENGL\LEARN\DEMO_07\DEMO_07\DEBUG\WINMAIN.OBJ
E:\CODES\__GIT\OPENGL\LEARN\DEMO_07\DEMO_07\DEBUG\VC110.PDB
D:\CODES\__GIT\OPENGL\LEARN\DEMO_07\DEMO_07\DEBUG\3D_FUNCTION.OBJ
D:\CODES\__GIT\OPENGL\LEARN\DEMO_07\DEMO_07\DEBUG\WINMAIN.OBJ
D:\CODES\__GIT\OPENGL\LEARN\DEMO_07\DEMO_07\DEBUG\VC110.PDB
D:\Codes\__Git\OpenGL\Learn\Demo_07\Demo_07\Debug\3D_Function.obj
D:\Codes\__Git\OpenGL\Learn\Demo_07\Demo_07\Debug\WinMain.obj
D:\Codes\__Git\OpenGL\Learn\Demo_07\Demo_07\Debug\cl.command.1.tlog
D:\Codes\__Git\OpenGL\Learn\Demo_07\Demo_07\Debug\CL.read.1.tlog
D:\Codes\__Git\OpenGL\Learn\Demo_07\Demo_07\Debug\CL.write.1.tlog
D:\Codes\__Git\OpenGL\Learn\Demo_07\Demo_07\Debug\link-cvtres.read.1.tlog
D:\Codes\__Git\OpenGL\Learn\Demo_07\Demo_07\Debug\link-cvtres.write.1.tlog
D:\Codes\__Git\OpenGL\Learn\Demo_07\Demo_07\Debug\link-rc.read.1.tlog
D:\Codes\__Git\OpenGL\Learn\Demo_07\Demo_07\Debug\link-rc.write.1.tlog
D:\Codes\__Git\OpenGL\Learn\Demo_07\Demo_07\Debug\link.command.1.tlog
D:\Codes\__Git\OpenGL\Learn\Demo_07\Demo_07\Debug\link.read.1.tlog
D:\Codes\__Git\OpenGL\Learn\Demo_07\Demo_07\Debug\link.write.1.tlog
D:\Codes\__Git\OpenGL\Learn\Demo_07\Demo_07\Debug\vc110.idb
D:\Codes\__Git\OpenGL\Learn\Demo_07\Demo_07\Debug\vc110.pdb
D:\Codes\__Git\OpenGL\Learn\Demo_07\Debug\Demo_07.pdb
